<?xml version="1.0" encoding="UTF-8" ?>
<testsuite failures="0" time="0.115" errors="0" skipped="0" tests="2" name="com.savenko.hadoop.helloworld.LineIndexReducerTest">
  <properties>
    <property name="java.runtime.name" value="Java(TM) SE Runtime Environment"/>
    <property name="sun.boot.library.path" value="C:\Software\Java\jdk1.6.0_24\jre\bin"/>
    <property name="java.vm.version" value="19.1-b02"/>
    <property name="java.vm.vendor" value="Sun Microsystems Inc."/>
    <property name="java.vendor.url" value="http://java.sun.com/"/>
    <property name="path.separator" value=";"/>
    <property name="java.vm.name" value="Java HotSpot(TM) 64-Bit Server VM"/>
    <property name="file.encoding.pkg" value="sun.io"/>
    <property name="user.country" value="NO"/>
    <property name="sun.java.launcher" value="SUN_STANDARD"/>
    <property name="sun.os.patch.level" value=""/>
    <property name="java.vm.specification.name" value="Java Virtual Machine Specification"/>
    <property name="user.dir" value="C:\Project\HadoopTest"/>
    <property name="java.runtime.version" value="1.6.0_24-b07"/>
    <property name="java.awt.graphicsenv" value="sun.awt.Win32GraphicsEnvironment"/>
    <property name="basedir" value="C:\Project\HadoopTest"/>
    <property name="java.endorsed.dirs" value="C:\Software\Java\jdk1.6.0_24\jre\lib\endorsed"/>
    <property name="os.arch" value="amd64"/>
    <property name="surefire.real.class.path" value="C:\Users\nosersav\surefirebooter2472016978356691202.jar"/>
    <property name="java.io.tmpdir" value="C:\Users\nosersav\"/>
    <property name="line.separator" value="
"/>
    <property name="java.vm.specification.vendor" value="Sun Microsystems Inc."/>
    <property name="user.variant" value=""/>
    <property name="os.name" value="Windows 7"/>
    <property name="sun.jnu.encoding" value="Cp1252"/>
    <property name="java.library.path" value="C:\Software\Java\jdk1.6.0_24\jre\bin;.;C:\Windows\Sun\Java\bin;C:\Windows\system32;C:\Windows;C:\cygwin\usr\local\bin;C:\cygwin\bin;C:\cygwin\bin;C:\Program Files\Common Files\Microsoft Shared\Windows Live;C:\Program Files (x86)\Common Files\Microsoft Shared\Windows Live;C:\Software\glassfish\lib\ant\bin;C:\Software\Java\jdk1.6.0_24\bin;C:\Windows\system32;C:\Windows;C:\Windows\System32\Wbem;C:\Windows\System32\WindowsPowerShell\v1.0\;C:\Program Files\Intel\WiFi\bin\;C:\Program Files\Common Files\Intel\WirelessCommon\;C:\Program Files\ThinkPad\Bluetooth Software\;C:\Program Files\ThinkPad\Bluetooth Software\syswow64;C:\Software\groovy-1.7.8\bin;C:\Software\SlikSvn\bin\;C:\Software\Maven\apache-maven-2.2.1\bin;C:\Program Files\MySQL\MySQL Server 5.1\bin;C:\Program Files\TortoiseSVN\bin;C:\Program Files (x86)\Liquid Technologies\Liquid XML Studio 2010\XmlDataBinder8\Redist8\cpp\win32\bin;C:\Program Files (x86)\QuickTime\QTSystem\;C:\Program Files (x86)\Windows Live\Shared"/>
    <property name="surefire.test.class.path" value="C:\Project\HadoopTest\target\test-classes;C:\Project\HadoopTest\target\classes;c:\mvnrepo\com\cloudera\hadoop\hadoop-core\0.20.2-737\hadoop-core-0.20.2-737.jar;c:\mvnrepo\com\cloudera\hadoop\hadoop-mrunit\0.20.2-737\hadoop-mrunit-0.20.2-737.jar;c:\mvnrepo\junit\junit\4.8.2\junit-4.8.2.jar;c:\mvnrepo\org\slf4j\jcl-over-slf4j\1.6.1\jcl-over-slf4j-1.6.1.jar;c:\mvnrepo\org\slf4j\slf4j-api\1.6.1\slf4j-api-1.6.1.jar;c:\mvnrepo\org\slf4j\slf4j-log4j12\1.6.1\slf4j-log4j12-1.6.1.jar;c:\mvnrepo\log4j\log4j\1.2.16\log4j-1.2.16.jar;"/>
    <property name="java.specification.name" value="Java Platform API Specification"/>
    <property name="java.class.version" value="50.0"/>
    <property name="sun.management.compiler" value="HotSpot 64-Bit Server Compiler"/>
    <property name="os.version" value="6.1"/>
    <property name="user.home" value="C:\Users\nosersav"/>
    <property name="user.timezone" value="Europe/Berlin"/>
    <property name="java.awt.printerjob" value="sun.awt.windows.WPrinterJob"/>
    <property name="java.specification.version" value="1.6"/>
    <property name="file.encoding" value="Cp1252"/>
    <property name="user.name" value="nosersav"/>
    <property name="java.class.path" value="C:\Project\HadoopTest\target\test-classes;C:\Project\HadoopTest\target\classes;c:\mvnrepo\com\cloudera\hadoop\hadoop-core\0.20.2-737\hadoop-core-0.20.2-737.jar;c:\mvnrepo\com\cloudera\hadoop\hadoop-mrunit\0.20.2-737\hadoop-mrunit-0.20.2-737.jar;c:\mvnrepo\junit\junit\4.8.2\junit-4.8.2.jar;c:\mvnrepo\org\slf4j\jcl-over-slf4j\1.6.1\jcl-over-slf4j-1.6.1.jar;c:\mvnrepo\org\slf4j\slf4j-api\1.6.1\slf4j-api-1.6.1.jar;c:\mvnrepo\org\slf4j\slf4j-log4j12\1.6.1\slf4j-log4j12-1.6.1.jar;c:\mvnrepo\log4j\log4j\1.2.16\log4j-1.2.16.jar;"/>
    <property name="java.vm.specification.version" value="1.0"/>
    <property name="sun.arch.data.model" value="64"/>
    <property name="java.home" value="C:\Software\Java\jdk1.6.0_24\jre"/>
    <property name="java.specification.vendor" value="Sun Microsystems Inc."/>
    <property name="user.language" value="no"/>
    <property name="awt.toolkit" value="sun.awt.windows.WToolkit"/>
    <property name="java.vm.info" value="mixed mode"/>
    <property name="java.version" value="1.6.0_24"/>
    <property name="java.ext.dirs" value="C:\Software\Java\jdk1.6.0_24\jre\lib\ext;C:\Windows\Sun\Java\lib\ext"/>
    <property name="sun.boot.class.path" value="C:\Software\Java\jdk1.6.0_24\jre\lib\resources.jar;C:\Software\Java\jdk1.6.0_24\jre\lib\rt.jar;C:\Software\Java\jdk1.6.0_24\jre\lib\sunrsasign.jar;C:\Software\Java\jdk1.6.0_24\jre\lib\jsse.jar;C:\Software\Java\jdk1.6.0_24\jre\lib\jce.jar;C:\Software\Java\jdk1.6.0_24\jre\lib\charsets.jar;C:\Software\Java\jdk1.6.0_24\jre\lib\modules\jdk.boot.jar;C:\Software\Java\jdk1.6.0_24\jre\classes"/>
    <property name="java.vendor" value="Sun Microsystems Inc."/>
    <property name="localRepository" value="c:/mvnrepo"/>
    <property name="file.separator" value="\"/>
    <property name="java.vendor.url.bug" value="http://java.sun.com/cgi-bin/bugreport.cgi"/>
    <property name="sun.cpu.endian" value="little"/>
    <property name="sun.io.unicode.encoding" value="UnicodeLittle"/>
    <property name="sun.desktop" value="windows"/>
    <property name="sun.cpu.isalist" value="amd64"/>
  </properties>
  <testcase time="0.056" classname="com.savenko.hadoop.helloworld.LineIndexReducerTest" name="testOneOffset"/>
  <testcase time="0.044" classname="com.savenko.hadoop.helloworld.LineIndexReducerTest" name="testMultiOffset"/>
</testsuite>